This is e-TeX, Version 3.141592-2.2 (MiKTeX 2.4) (preloaded format=latex 2004.10.25)  8 FEB 2005 09:24
entering extended mode
**J-AsynchSemiBlindDetector10.TeX
(J-AsynchSemiBlindDetector10.TeX
LaTeX2e <2003/12/01>
Babel <v3.8a> and hyphenation patterns for english, french, german, ngerman, du
mylang, nohyphenation, loaded.
(C:\texmf\tex\latex\base\article.cls
Document Class: article 2004/02/16 v1.4f Standard LaTeX document class
(C:\texmf\tex\latex\base\fleqn.clo
File: fleqn.clo 1998/08/17 v1.1c Standard LaTeX option (flush left equations)
\mathindent=\dimen102
) (C:\texmf\tex\latex\base\size11.clo
File: size11.clo 2004/02/16 v1.4f Standard LaTeX file (size option)
)
\c@part=\count79
\c@section=\count80
\c@subsection=\count81
\c@subsubsection=\count82
\c@paragraph=\count83
\c@subparagraph=\count84
\c@figure=\count85
\c@table=\count86
\abovecaptionskip=\skip41
\belowcaptionskip=\skip42
\bibindent=\dimen103
)
(C:\texmf\tex\latex\amsfonts\amsfonts.sty
Package: amsfonts 2001/10/25 v2.2f
\@emptytoks=\toks14
\symAMSa=\mathgroup4
\symAMSb=\mathgroup5
LaTeX Font Info:    Overwriting math alphabet `\mathfrak' in version `bold'
(Font)                  U/euf/m/n --> U/euf/b/n on input line 132.
)
(C:\texmf\tex\latex\amscls\amsthm.sty
Package: amsthm 2004/08/06 v2.20
\thm@style=\toks15
\thm@bodyfont=\toks16
\thm@headfont=\toks17
\thm@notefont=\toks18
\thm@headpunct=\toks19
\thm@preskip=\skip43
\thm@postskip=\skip44
\thm@headsep=\skip45
\dth@everypar=\toks20
)
(C:\texmf\tex\latex\graphics\graphicx.sty
Package: graphicx 1999/02/16 v1.0f Enhanced LaTeX Graphics (DPC,SPQR)

(C:\texmf\tex\latex\graphics\keyval.sty
Package: keyval 1999/03/16 v1.13 key=value parser (DPC)
\KV@toks@=\toks21
)
(C:\texmf\tex\latex\graphics\graphics.sty
Package: graphics 2001/07/07 v1.0n Standard LaTeX Graphics (DPC,SPQR)
 (C:\texmf\tex\latex\graphics\trig.sty
Package: trig 1999/03/16 v1.09 sin cos tan (DPC)
) (C:\texmf\tex\latex\00miktex\graphics.cfg
File: graphics.cfg 2003/03/12 v1.1 MiKTeX 'graphics' configuration
)
Package graphics Info: Driver file: dvips.def on input line 80.

(C:\texmf\tex\latex\graphics\dvips.def
File: dvips.def 1999/02/16 v3.0i Driver-dependant file (DPC,SPQR)
))
\Gin@req@height=\dimen104
\Gin@req@width=\dimen105
)
\c@Prop=\count87
\c@lemma=\count88
 (J-AsynchSemiBlindDetector10.aux)
LaTeX Font Info:    Checking defaults for OML/cmm/m/it on input line 67.
LaTeX Font Info:    ... okay on input line 67.
LaTeX Font Info:    Checking defaults for T1/cmr/m/n on input line 67.
LaTeX Font Info:    ... okay on input line 67.
LaTeX Font Info:    Checking defaults for OT1/cmr/m/n on input line 67.
LaTeX Font Info:    ... okay on input line 67.
LaTeX Font Info:    Checking defaults for OMS/cmsy/m/n on input line 67.
LaTeX Font Info:    ... okay on input line 67.
LaTeX Font Info:    Checking defaults for OMX/cmex/m/n on input line 67.
LaTeX Font Info:    ... okay on input line 67.
LaTeX Font Info:    Checking defaults for U/cmr/m/n on input line 67.
LaTeX Font Info:    ... okay on input line 67.
LaTeX Font Info:    Try loading font information for U+msa on input line 68.

(C:\texmf\tex\latex\amsfonts\umsa.fd
File: umsa.fd 2002/01/19 v2.2g AMS font definitions
)
LaTeX Font Info:    Try loading font information for U+msb on input line 68.
 (C:\texmf\tex\latex\amsfonts\umsb.fd
File: umsb.fd 2002/01/19 v2.2g AMS font definitions
)
[1

] [2]
Overfull \hbox (4.91046pt too wide) in paragraph at lines 233--238
[]\OT1/cmr/m/n/10.95 A single-cell symbol-asynchronous DS/CDMA sys-tem over the
 nondis-per-sive ad-di-tive white Gaussian
 []

[3]
File: AsynchCDMA.eps Graphic file (type eps)
 <AsynchCDMA.eps> [4]
Overfull \hbox (12.45775pt too wide) detected at line 445
$ []$ []
 []

[5] [6] [7] [8] [9] [10] [11] [12] [13]
File: BER_LS10.eps Graphic file (type eps)
 <BER_LS10.eps>
File: BER_LS40.eps Graphic file (type eps)
 <BER_LS40.eps> [14]
[15]
File: P0.eps Graphic file (type eps)
 <P0.eps>
File: NFR0.eps Graphic file (type eps)
 <NFR0.eps> [16]
File: BER_LS11.eps Graphic file (type eps)
 <BER_LS11.eps>
File: BER_LS41.eps Graphic file (type eps)
 <BER_LS41.eps>
File: BER_MLS11.eps Graphic file (type eps)
 <BER_MLS11.eps>
File: BER_MLS41.eps Graphic file (type eps)

<BER_MLS41.eps>
File: P1.eps Graphic file (type eps)
 <P1.eps> [17] [18] [19]
File: NFR1.eps Graphic file (type eps)
 <NFR1.eps>
(J-AsynchSemiBlindDetector10.bbl [20] [21]) [22]
(J-AsynchSemiBlindDetector10.aux) ) 
Here is how much of TeX's memory you used:
 986 strings out of 95898
 9991 string characters out of 1195287
 63846 words of memory out of 1057383
 3943 multiletter control sequences out of 35000
 17906 words of font info for 66 fonts, out of 500000 for 1000
 14 hyphenation exceptions out of 607
 25i,30n,24p,343b,277s stack positions out of 1500i,500n,5000p,200000b,32768s

Output written on J-AsynchSemiBlindDetector10.dvi (22 pages, 88128 bytes).
