This is e-TeX, Version 3.141592-2.2 (MiKTeX 2.4) (preloaded format=latex 2005.6.10)  11 SEP 2005 00:22
entering extended mode
**OnBlindMUD.tex
(OnBlindMUD.tex
LaTeX2e <2003/12/01>
Babel <v3.8g> and hyphenation patterns for english, french, german, ngerman, du
mylang, nohyphenation, loaded.
(IEEEtran.cls
Document Class: IEEEtran 2002/11/18 revision V1.6b by Michael Shell
-- See the "IEEEtran_HOWTO" manual for usage information.
-- The source comments contain changelog notes.
\@IEEEtrantmpdimenA=\dimen102
\@IEEEtrantmpdimenB=\dimen103
\@IEEEtrantmpcountA=\count79
\@IEEEtrantmpcountB=\count80
\@IEEEtrantmptoksA=\toks14
LaTeX Font Info:    Try loading font information for OT1+ptm on input line 776.

(C:\texmf\tex\latex\psnfss\ot1ptm.fd
File: ot1ptm.fd 2001/06/04 font definitions for OT1/ptm.
)
\@IEEEnormalsizefontbaselineskip=\skip41

-- This is a 10 point document.
\normalsizebaselineskip=\skip42
\normaljot=\skip43
LaTeX Font Info:    Font shape `OT1/ptm/bx/n' in size <5> not available
(Font)              Font shape `OT1/ptm/b/n' tried instead on input line 1095.
LaTeX Font Info:    Font shape `OT1/ptm/bx/it' in size <5> not available
(Font)              Font shape `OT1/ptm/b/it' tried instead on input line 1095.

LaTeX Font Info:    Font shape `OT1/ptm/bx/n' in size <7> not available
(Font)              Font shape `OT1/ptm/b/n' tried instead on input line 1095.
LaTeX Font Info:    Font shape `OT1/ptm/bx/it' in size <7> not available
(Font)              Font shape `OT1/ptm/b/it' tried instead on input line 1095.

LaTeX Font Info:    Font shape `OT1/ptm/bx/n' in size <8> not available
(Font)              Font shape `OT1/ptm/b/n' tried instead on input line 1095.
LaTeX Font Info:    Font shape `OT1/ptm/bx/it' in size <8> not available
(Font)              Font shape `OT1/ptm/b/it' tried instead on input line 1095.

LaTeX Font Info:    Font shape `OT1/ptm/bx/n' in size <9> not available
(Font)              Font shape `OT1/ptm/b/n' tried instead on input line 1095.
LaTeX Font Info:    Font shape `OT1/ptm/bx/it' in size <9> not available
(Font)              Font shape `OT1/ptm/b/it' tried instead on input line 1095.

LaTeX Font Info:    Font shape `OT1/ptm/bx/n' in size <10> not available
(Font)              Font shape `OT1/ptm/b/n' tried instead on input line 1095.
LaTeX Font Info:    Font shape `OT1/ptm/bx/it' in size <10> not available
(Font)              Font shape `OT1/ptm/b/it' tried instead on input line 1095.

LaTeX Font Info:    Font shape `OT1/ptm/bx/n' in size <11> not available
(Font)              Font shape `OT1/ptm/b/n' tried instead on input line 1095.
LaTeX Font Info:    Font shape `OT1/ptm/bx/it' in size <11> not available
(Font)              Font shape `OT1/ptm/b/it' tried instead on input line 1095.

LaTeX Font Info:    Font shape `OT1/ptm/bx/n' in size <12> not available
(Font)              Font shape `OT1/ptm/b/n' tried instead on input line 1095.
LaTeX Font Info:    Font shape `OT1/ptm/bx/it' in size <12> not available
(Font)              Font shape `OT1/ptm/b/it' tried instead on input line 1095.

LaTeX Font Info:    Font shape `OT1/ptm/bx/n' in size <17> not available
(Font)              Font shape `OT1/ptm/b/n' tried instead on input line 1095.
LaTeX Font Info:    Font shape `OT1/ptm/bx/it' in size <17> not available
(Font)              Font shape `OT1/ptm/b/it' tried instead on input line 1095.

LaTeX Font Info:    Font shape `OT1/ptm/bx/n' in size <20> not available
(Font)              Font shape `OT1/ptm/b/n' tried instead on input line 1095.
LaTeX Font Info:    Font shape `OT1/ptm/bx/it' in size <20> not available
(Font)              Font shape `OT1/ptm/b/it' tried instead on input line 1095.

LaTeX Font Info:    Font shape `OT1/ptm/bx/n' in size <24> not available
(Font)              Font shape `OT1/ptm/b/n' tried instead on input line 1095.
LaTeX Font Info:    Font shape `OT1/ptm/bx/it' in size <24> not available
(Font)              Font shape `OT1/ptm/b/it' tried instead on input line 1095.

\IEEEilabelindentA=\dimen104
\IEEEilabelindentB=\dimen105
\IEEEilabelindent=\dimen106
\IEEEelabelindent=\dimen107
\IEEEdlabelindent=\dimen108
\labelindent=\dimen109
\IEEEiednormlabelsep=\dimen110
\IEEEiedmathlabelsep=\dimen111
\IEEEiedtopsep=\skip44
\c@section=\count81
\c@subsection=\count82
\c@subsubsection=\count83
\c@paragraph=\count84
\c@IEEEsubequation=\count85
\abovecaptionskip=\skip45
\belowcaptionskip=\skip46
\c@figure=\count86
\c@table=\count87
\@IEEEeqnnumcols=\count88
\@IEEEeqncolcnt=\count89
\@IEEEtmpitemindent=\dimen112
\c@biography=\count90
\@IEEEtranrubishbin=\box26
) (C:\texmf\tex\latex\amsfonts\amsfonts.sty
Package: amsfonts 2001/10/25 v2.2f
\@emptytoks=\toks15
\symAMSa=\mathgroup4
\symAMSb=\mathgroup5
LaTeX Font Info:    Overwriting math alphabet `\mathfrak' in version `bold'
(Font)                  U/euf/m/n --> U/euf/b/n on input line 132.
)
(C:\texmf\tex\latex\graphics\graphicx.sty
Package: graphicx 1999/02/16 v1.0f Enhanced LaTeX Graphics (DPC,SPQR)

(C:\texmf\tex\latex\graphics\keyval.sty
Package: keyval 1999/03/16 v1.13 key=value parser (DPC)
\KV@toks@=\toks16
)
(C:\texmf\tex\latex\graphics\graphics.sty
Package: graphics 2001/07/07 v1.0n Standard LaTeX Graphics (DPC,SPQR)
 (C:\texmf\tex\latex\graphics\trig.sty
Package: trig 1999/03/16 v1.09 sin cos tan (DPC)
) (C:\texmf\tex\latex\00miktex\graphics.cfg
File: graphics.cfg 2003/03/12 v1.1 MiKTeX 'graphics' configuration
)
Package graphics Info: Driver file: dvips.def on input line 80.

(C:\texmf\tex\latex\graphics\dvips.def
File: dvips.def 1999/02/16 v3.0i Driver-dependant file (DPC,SPQR)
))
\Gin@req@height=\dimen113
\Gin@req@width=\dimen114
)
(C:\texmf\tex\latex\fancyhdr\fancyhdr.sty
\fancy@headwidth=\skip47
\f@ncyO@elh=\skip48
\f@ncyO@erh=\skip49
\f@ncyO@olh=\skip50
\f@ncyO@orh=\skip51
\f@ncyO@elf=\skip52
\f@ncyO@erf=\skip53
\f@ncyO@olf=\skip54
\f@ncyO@orf=\skip55
)
(C:\texmf\tex\latex\floatflt\floatflt.sty
Package: floatflt 1996/02/27 v. 1.3
\c@OptionTest=\count91
\figbox=\box27
\tabbox=\box28
\pagebox=\box29
\ffigcount=\count92
\ftabcount=\count93
\fftest=\count94
\hangcount=\count95
\nosuccesstryfig=\count96
\nosuccesstrytab=\count97
\figgutter=\dimen115
\tabgutter=\dimen116
\htdone=\dimen117
\pageht=\dimen118
\startpageht=\dimen119
\tabbredd=\dimen120
\floatfltwidth=\dimen121
\fltitemwidth=\dimen122
\outputpretest=\toks17
) (OnBlindMUD.aux)
LaTeX Font Info:    Checking defaults for OML/cmm/m/it on input line 77.
LaTeX Font Info:    ... okay on input line 77.
LaTeX Font Info:    Checking defaults for T1/cmr/m/n on input line 77.
LaTeX Font Info:    ... okay on input line 77.
LaTeX Font Info:    Checking defaults for OT1/cmr/m/n on input line 77.
LaTeX Font Info:    ... okay on input line 77.
LaTeX Font Info:    Checking defaults for OMS/cmsy/m/n on input line 77.
LaTeX Font Info:    ... okay on input line 77.
LaTeX Font Info:    Checking defaults for OMX/cmex/m/n on input line 77.
LaTeX Font Info:    ... okay on input line 77.
LaTeX Font Info:    Checking defaults for U/cmr/m/n on input line 77.
LaTeX Font Info:    ... okay on input line 77.
 [1


]
LaTeX Font Info:    Try loading font information for U+msa on input line 187.

(C:\texmf\tex\latex\amsfonts\umsa.fd
File: umsa.fd 2002/01/19 v2.2g AMS font definitions
)
LaTeX Font Info:    Try loading font information for U+msb on input line 187.
 (C:\texmf\tex\latex\amsfonts\umsb.fd
File: umsb.fd 2002/01/19 v2.2g AMS font definitions
)
Underfull \hbox (badness 2799) in paragraph at lines 308--316
\OT1/ptm/m/n/10 nal model (7[]) is that the sig-nal sub-space bases
 []

[2] [3]

LaTeX Font Warning: Command \small invalid in math mode on input line 643.

[4]

LaTeX Font Warning: Command \small invalid in math mode on input line 651.


LaTeX Font Warning: Command \tiny invalid in math mode on input line 670.

LaTeX Font Info:    Calculating math sizes for size <> on input line 672.

LaTeX Font Warning: Font shape `OT1/cmr/m/n' in size <> not available
(Font)              size <5> substituted on input line 672.


LaTeX Font Warning: Font shape `OT1/cmr/m/n' in size <0.7> not available
(Font)              size <5> substituted on input line 672.


LaTeX Font Warning: Font shape `OT1/cmr/m/n' in size <0.5> not available
(Font)              size <5> substituted on input line 672.


LaTeX Font Warning: Font shape `OML/cmm/m/it' in size <> not available
(Font)              size <5> substituted on input line 672.


LaTeX Font Warning: Font shape `OML/cmm/m/it' in size <0.7> not available
(Font)              size <5> substituted on input line 672.


LaTeX Font Warning: Font shape `OML/cmm/m/it' in size <0.5> not available
(Font)              size <5> substituted on input line 672.


LaTeX Font Warning: Font shape `OMS/cmsy/m/n' in size <> not available
(Font)              size <5> substituted on input line 672.


LaTeX Font Warning: Font shape `OMS/cmsy/m/n' in size <0.7> not available
(Font)              size <5> substituted on input line 672.


LaTeX Font Warning: Font shape `OMS/cmsy/m/n' in size <0.5> not available
(Font)              size <5> substituted on input line 672.


LaTeX Font Warning: Font shape `OT1/cmr/bx/n' in size <> not available
(Font)              size <5> substituted on input line 672.


LaTeX Font Warning: Font shape `OT1/cmr/bx/n' in size <0.7> not available
(Font)              size <5> substituted on input line 672.


LaTeX Font Warning: Font shape `OT1/cmr/bx/n' in size <0.5> not available
(Font)              size <5> substituted on input line 672.


LaTeX Font Warning: Font shape `U/msa/m/n' in size <> not available
(Font)              size <5> substituted on input line 672.


LaTeX Font Warning: Font shape `U/msa/m/n' in size <0.7> not available
(Font)              size <5> substituted on input line 672.


LaTeX Font Warning: Font shape `U/msa/m/n' in size <0.5> not available
(Font)              size <5> substituted on input line 672.


LaTeX Font Warning: Font shape `U/msb/m/n' in size <> not available
(Font)              size <5> substituted on input line 672.


LaTeX Font Warning: Font shape `U/msb/m/n' in size <0.7> not available
(Font)              size <5> substituted on input line 672.


LaTeX Font Warning: Font shape `U/msb/m/n' in size <0.5> not available
(Font)              size <5> substituted on input line 672.


LaTeX Font Warning: Command \tiny invalid in math mode on input line 673.

File: BER_40_16_4.eps Graphic file (type eps)
<BER_40_16_4.eps>
Overfull \hbox (2.38629pt too wide) in paragraph at lines 680--682
 [][] 
 []


Underfull \hbox (badness 1521) in paragraph at lines 685--701
[][]\OT1/ptm/m/n/10 Single-cell DS/CDMA syn-chronous mul-tiuser
 []

File: NFR_028_10.eps Graphic file (type eps)
<NFR_028_10.eps>
Overfull \hbox (2.38629pt too wide) in paragraph at lines 703--705
 [][] 
 []

(OnBlindMUD.bbl [5]
LaTeX Font Info:    Try loading font information for OT1+pcr on input line 15.
 (C:\texmf\tex\latex\psnfss\ot1pcr.fd
File: ot1pcr.fd 2001/06/04 font definitions for OT1/pcr.
)
Missing character: There is no ü in font ptmr7t!
)

** Conference Paper **
Before submitting the final camera ready copy, remember to:

 1. Manually equalize the lengths of two columns on the last page
 of your paper;

 2. Ensure that any PostScript and/or PDF output post-processing
 uses only Type 1 fonts and that every step in the generation
 process uses the US letter (8.5in X 11in) paper size.

[6

] (OnBlindMUD.aux)

LaTeX Font Warning: Size substitutions with differences
(Font)              up to 4.5pt have occurred.

 ) 
Here is how much of TeX's memory you used:
 1661 strings out of 95898
 21843 string characters out of 1195288
 80731 words of memory out of 1071708
 4644 multiletter control sequences out of 60000
 36808 words of font info for 98 fonts, out of 500000 for 1000
 14 hyphenation exceptions out of 607
 26i,22n,43p,279b,293s stack positions out of 1500i,500n,5000p,200000b,32768s

Output written on OnBlindMUD.dvi (6 pages, 42804 bytes).
