This is e-TeX, Version 3.141592-2.2 (MiKTeX 2.4) (preloaded format=latex 2004.10.25)  11 NOV 2004 16:41
entering extended mode
**FastBDD_BK1.tex
(FastBDD_BK1.tex
LaTeX2e <2003/12/01>
Babel <v3.8a> and hyphenation patterns for english, french, german, ngerman, du
mylang, nohyphenation, loaded.
(C:\texmf\tex\latex\base\article.cls
Document Class: article 2004/02/16 v1.4f Standard LaTeX document class
(C:\texmf\tex\latex\base\fleqn.clo
File: fleqn.clo 1998/08/17 v1.1c Standard LaTeX option (flush left equations)
\mathindent=\dimen102
) (C:\texmf\tex\latex\base\size11.clo
File: size11.clo 2004/02/16 v1.4f Standard LaTeX file (size option)
)
\c@part=\count79
\c@section=\count80
\c@subsection=\count81
\c@subsubsection=\count82
\c@paragraph=\count83
\c@subparagraph=\count84
\c@figure=\count85
\c@table=\count86
\abovecaptionskip=\skip41
\belowcaptionskip=\skip42
\bibindent=\dimen103
)
(C:\texmf\tex\latex\amsfonts\amsfonts.sty
Package: amsfonts 2001/10/25 v2.2f
\@emptytoks=\toks14
\symAMSa=\mathgroup4
\symAMSb=\mathgroup5
LaTeX Font Info:    Overwriting math alphabet `\mathfrak' in version `bold'
(Font)                  U/euf/m/n --> U/euf/b/n on input line 132.
)
(C:\texmf\tex\latex\amscls\amsthm.sty
Package: amsthm 2004/08/06 v2.20
\thm@style=\toks15
\thm@bodyfont=\toks16
\thm@headfont=\toks17
\thm@notefont=\toks18
\thm@headpunct=\toks19
\thm@preskip=\skip43
\thm@postskip=\skip44
\thm@headsep=\skip45
\dth@everypar=\toks20
)
(C:\texmf\tex\latex\graphics\graphicx.sty
Package: graphicx 1999/02/16 v1.0f Enhanced LaTeX Graphics (DPC,SPQR)

(C:\texmf\tex\latex\graphics\keyval.sty
Package: keyval 1999/03/16 v1.13 key=value parser (DPC)
\KV@toks@=\toks21
)
(C:\texmf\tex\latex\graphics\graphics.sty
Package: graphics 2001/07/07 v1.0n Standard LaTeX Graphics (DPC,SPQR)
 (C:\texmf\tex\latex\graphics\trig.sty
Package: trig 1999/03/16 v1.09 sin cos tan (DPC)
) (C:\texmf\tex\latex\00miktex\graphics.cfg
File: graphics.cfg 2003/03/12 v1.1 MiKTeX 'graphics' configuration
)
Package graphics Info: Driver file: dvips.def on input line 80.

(C:\texmf\tex\latex\graphics\dvips.def
File: dvips.def 1999/02/16 v3.0i Driver-dependant file (DPC,SPQR)
))
\Gin@req@height=\dimen104
\Gin@req@width=\dimen105
)
\c@Prop=\count87
\c@lemma=\count88
 (FastBDD_BK1.aux)
LaTeX Font Info:    Checking defaults for OML/cmm/m/it on input line 67.
LaTeX Font Info:    ... okay on input line 67.
LaTeX Font Info:    Checking defaults for T1/cmr/m/n on input line 67.
LaTeX Font Info:    ... okay on input line 67.
LaTeX Font Info:    Checking defaults for OT1/cmr/m/n on input line 67.
LaTeX Font Info:    ... okay on input line 67.
LaTeX Font Info:    Checking defaults for OMS/cmsy/m/n on input line 67.
LaTeX Font Info:    ... okay on input line 67.
LaTeX Font Info:    Checking defaults for OMX/cmex/m/n on input line 67.
LaTeX Font Info:    ... okay on input line 67.
LaTeX Font Info:    Checking defaults for U/cmr/m/n on input line 67.
LaTeX Font Info:    ... okay on input line 67.
LaTeX Font Info:    Try loading font information for U+msa on input line 68.

(C:\texmf\tex\latex\amsfonts\umsa.fd
File: umsa.fd 2002/01/19 v2.2g AMS font definitions
)
LaTeX Font Info:    Try loading font information for U+msb on input line 68.
 (C:\texmf\tex\latex\amsfonts\umsb.fd
File: umsb.fd 2002/01/19 v2.2g AMS font definitions
)

LaTeX Warning: Citation `Verd98' on page 1 undefined on input line 83.


LaTeX Warning: Citation `Honi95' on page 1 undefined on input line 100.


LaTeX Warning: Citation `Poor97' on page 1 undefined on input line 100.


LaTeX Warning: Citation `Wang98' on page 1 undefined on input line 100.


LaTeX Warning: Citation `Torl97' on page 1 undefined on input line 100.


LaTeX Warning: Citation `Liu96' on page 1 undefined on input line 100.


LaTeX Warning: Citation `Lupa89' on page 1 undefined on input line 109.


LaTeX Warning: Citation `Verd86' on page 1 undefined on input line 111.


LaTeX Warning: Citation `Lupa89' on page 1 undefined on input line 113.


LaTeX Warning: Citation `Wang98' on page 1 undefined on input line 119.


LaTeX Warning: Citation `Poor98' on page 1 undefined on input line 119.


LaTeX Warning: Citation `Wang99' on page 1 undefined on input line 123.


LaTeX Warning: Citation `Wang98' on page 1 undefined on input line 126.


LaTeX Warning: Citation `Yang95' on page 1 undefined on input line 132.

[1

]

LaTeX Warning: Citation `Honi95' on page 2 undefined on input line 134.


LaTeX Warning: Citation `Honi95' on page 2 undefined on input line 141.

[2] [3] [4]

LaTeX Warning: Citation `Golu96' on page 5 undefined on input line 461.

[5]
No file FastBDD_BK1.bbl.
[6] (FastBDD_BK1.aux)

LaTeX Warning: There were undefined references.

 ) 
Here is how much of TeX's memory you used:
 874 strings out of 95898
 8819 string characters out of 1195287
 62822 words of memory out of 1057383
 3889 multiletter control sequences out of 35000
 14170 words of font info for 52 fonts, out of 500000 for 1000
 14 hyphenation exceptions out of 607
 25i,22n,24p,188b,242s stack positions out of 1500i,500n,5000p,200000b,32768s

Output written on FastBDD_BK1.dvi (6 pages, 27744 bytes).
